#
# A fatal error has been detected by the Java Runtime Environment:
#
#  EXCEPTION_ACCESS_VIOLATION (0xc0000005) at pc=0x000000005ed67f20, pid=5392, tid=0x00000000000006c8
#
# JRE version: Java(TM) SE Runtime Environment (8.0_171-b11) (build 1.8.0_171-b11)
# Java VM: Java HotSpot(TM) 64-Bit Server VM (25.171-b11 mixed mode windows-amd64 compressed oops)
# Problematic frame:
# C  [nvoglv64.dll+0x667f20]
#
# Failed to write core dump. Minidumps are not enabled by default on client versions of Windows
#
# If you would like to submit a bug report, please visit:
#   http://bugreport.java.com/bugreport/crash.jsp
# The crash happened outside the Java Virtual Machine in native code.
# See problematic frame for where to report the bug.
#

---------------  T H R E A D  ---------------

Current thread (0x00000000030d3800):  JavaThread "main" [_thread_in_native, id=1736, stack(0x0000000002e00000,0x0000000002f00000)]

siginfo: ExceptionCode=0xc0000005, reading address 0x0000000000000000

Registers:
RAX=0x0000000000000000, RBX=0x0000000000000000, RCX=0x00000000fffffffc, RDX=0x00000000323c8c90
RSP=0x0000000002efe4d0, RBP=0x00000000000000bc, RSI=0x0000000000000024, RDI=0x0000000031c22080
R8 =0x0000000000000004, R9 =0x0000000000000090, R10=0x00000000323c8c74, R11=0x00000000323c8c8c
R12=0x0000000000000000, R13=0x00000000323c8c90, R14=0x0000000000000000, R15=0x0000000000000004
RIP=0x000000005ed67f20, EFLAGS=0x0000000000010297

Top of Stack: (sp=0x0000000002efe4d0)
0x0000000002efe4d0:   00000000009ce730 00000000610cba36
0x0000000002efe4e0:   0000000002eff5c8 00000000030d3c70
0x0000000002efe4f0:   00000000000003d8 00000000030d3c80
0x0000000002efe500:   000000003ccd5fe0 00000000030d3800
0x0000000002efe510:   000000003ccd5fe0 00000000030d3800
0x0000000002efe520:   0000000000000000 0000000000000000
0x0000000002efe530:   0000000002efe630 000000003ccd5fe0
0x0000000002efe540:   0000000000000000 0000000026dbaf80
0x0000000002efe550:   00000007c0011560 00000000031e8627
0x0000000002efe560:   0000000002efe5f0 0000000000000090
0x0000000002efe570:   00000000030d3800 000000003ccd5fe0
0x0000000002efe580:   0000000000001405 0000000000000000
0x0000000002efe590:   00000007c0011560 00000000030d3800
0x0000000002efe5a0:   0000000002efe6a8 00000000031e8322
0x0000000002efe5b0:   0000000002efe5b0 000000003ccd5fe0
0x0000000002efe5c0:   0000000002efe630 000000003cce07e0 

Instructions: (pc=0x000000005ed67f20)
0x000000005ed67f00:   6f 2d 1a ec 51 01 66 0f 6f 5c 24 50 c1 e9 03 ff
0x000000005ed67f10:   c1 44 8b f9 f7 d9 45 8d 04 c8 66 0f 1f 44 00 00
0x000000005ed67f20:   f3 0f 6f 10 f3 0f 6f 48 10 66 0f 6f c2 66 0f eb
0x000000005ed67f30:   c3 48 83 c0 20 66 0f 6f d8 66 0f eb d9 0f 18 00 


Register to memory mapping:

RAX=0x0000000000000000 is an unknown value
RBX=0x0000000000000000 is an unknown value
RCX=0x00000000fffffffc is an unknown value
RDX=0x00000000323c8c90 is an unknown value
RSP=0x0000000002efe4d0 is pointing into the stack for thread: 0x00000000030d3800
RBP=0x00000000000000bc is an unknown value
RSI=0x0000000000000024 is an unknown value
RDI=0x0000000031c22080 is an unknown value
R8 =0x0000000000000004 is an unknown value
R9 =0x0000000000000090 is an unknown value
R10=0x00000000323c8c74 is an unknown value
R11=0x00000000323c8c8c is an unknown value
R12=0x0000000000000000 is an unknown value
R13=0x00000000323c8c90 is an unknown value
R14=0x0000000000000000 is an unknown value
R15=0x0000000000000004 is an unknown value


Stack: [0x0000000002e00000,0x0000000002f00000],  sp=0x0000000002efe4d0,  free space=1017k
Native frames: (J=compiled Java code, j=interpreted, Vv=VM code, C=native code)
C  [nvoglv64.dll+0x667f20]
C  0x00000000031e8627

Java frames: (J=compiled Java code, j=interpreted, Vv=VM code)
j  org.lwjgl.opengl.GL11C.nglDrawElements(IIIJ)V+0
j  org.lwjgl.opengl.GL11C.glDrawElements(IIIJ)V+4
j  org.lwjgl.opengl.GL11.glDrawElements(IIIJ)V+4
j  swagrid.graphics.ModelShader.render(Lswagrid/math/vector/Transf3;)V+27
j  swagrid.graphics.WorldRenderer.$anonfun$render$5(Lswagrid/graphics/WorldRenderer;Lswagrid/graphics/Model;)V+19
j  swagrid.graphics.WorldRenderer.$anonfun$render$5$adapted(Lswagrid/graphics/WorldRenderer;Lswagrid/graphics/Model;)Ljava/lang/Object;+2
j  swagrid.graphics.WorldRenderer$$Lambda$107.apply(Ljava/lang/Object;)Ljava/lang/Object;+8
j  scala.collection.immutable.Set$Set1.foreach(Lscala/Function1;)V+5
j  swagrid.graphics.WorldRenderer.$anonfun$render$4(Lswagrid/graphics/WorldRenderer;Lscala/Tuple2;)V+58
j  swagrid.graphics.WorldRenderer.$anonfun$render$4$adapted(Lswagrid/graphics/WorldRenderer;Lscala/Tuple2;)Ljava/lang/Object;+2
j  swagrid.graphics.WorldRenderer$$Lambda$106.apply(Ljava/lang/Object;)Ljava/lang/Object;+8
j  scala.collection.TraversableLike$WithFilter.$anonfun$foreach$1(Lscala/collection/TraversableLike$WithFilter;Lscala/Function1;Ljava/lang/Object;)Ljava/lang/Object;+18
j  scala.collection.TraversableLike$WithFilter$$Lambda$100.apply(Ljava/lang/Object;)Ljava/lang/Object;+9
j  scala.collection.immutable.Map$Map1.foreach(Lscala/Function1;)V+16
j  scala.collection.TraversableLike$WithFilter.foreach(Lscala/Function1;)V+11
j  swagrid.graphics.WorldRenderer.$anonfun$render$2(Lswagrid/graphics/WorldRenderer;Lscala/Tuple2;)V+51
j  swagrid.graphics.WorldRenderer.$anonfun$render$2$adapted(Lswagrid/graphics/WorldRenderer;Lscala/Tuple2;)Ljava/lang/Object;+2
j  swagrid.graphics.WorldRenderer$$Lambda$99.apply(Ljava/lang/Object;)Ljava/lang/Object;+8
j  scala.collection.TraversableLike$WithFilter.$anonfun$foreach$1(Lscala/collection/TraversableLike$WithFilter;Lscala/Function1;Ljava/lang/Object;)Ljava/lang/Object;+18
j  scala.collection.TraversableLike$WithFilter$$Lambda$100.apply(Ljava/lang/Object;)Ljava/lang/Object;+9
j  scala.collection.immutable.Map$Map1.foreach(Lscala/Function1;)V+16
j  scala.collection.TraversableLike$WithFilter.foreach(Lscala/Function1;)V+11
j  swagrid.graphics.WorldRenderer.render(Lswagrid/graphics/Frame;)V+31
j  swagrid.world.World.render()V+45
j  swagrid.test.Test$.$anonfun$main$1(Lscala/runtime/ObjectRef;Lswagrid/Window$RenderEvent;)V+7
j  swagrid.test.Test$.$anonfun$main$1$adapted(Lscala/runtime/ObjectRef;Lswagrid/Window$RenderEvent;)Ljava/lang/Object;+2
j  swagrid.test.Test$$$Lambda$81.apply(Ljava/lang/Object;)Ljava/lang/Object;+8
j  swagrid.Window.$anonfun$update$3(Lswagrid/Window$RenderEvent;Lscala/Function1;)V+2
j  swagrid.Window.$anonfun$update$3$adapted(Lswagrid/Window$RenderEvent;Lscala/Function1;)Ljava/lang/Object;+2
j  swagrid.Window$$Lambda$90.apply(Ljava/lang/Object;)Ljava/lang/Object;+8
j  scala.collection.mutable.HashSet.foreach(Lscala/Function1;)V+33
j  swagrid.Window.update()V+149
j  swagrid.Window.show()V+25
j  swagrid.test.Test$.main([Ljava/lang/String;)V+249
j  swagrid.test.Test.main([Ljava/lang/String;)V+4
v  ~StubRoutines::call_stub

---------------  P R O C E S S  ---------------

Java Threads: ( => current thread )
  0x000000002978e800 JavaThread "Service Thread" daemon [_thread_blocked, id=16764, stack(0x000000002e030000,0x000000002e130000)]
  0x0000000029776000 JavaThread "C1 CompilerThread14" daemon [_thread_blocked, id=16504, stack(0x000000002df30000,0x000000002e030000)]
  0x000000002977c800 JavaThread "C1 CompilerThread13" daemon [_thread_blocked, id=12100, stack(0x000000002de30000,0x000000002df30000)]
  0x000000002977b000 JavaThread "C1 CompilerThread12" daemon [_thread_blocked, id=9136, stack(0x000000002dd30000,0x000000002de30000)]
  0x000000002977c000 JavaThread "C1 CompilerThread11" daemon [_thread_blocked, id=3712, stack(0x000000002dc30000,0x000000002dd30000)]
  0x0000000029779800 JavaThread "C1 CompilerThread10" daemon [_thread_blocked, id=6528, stack(0x000000002db30000,0x000000002dc30000)]
  0x0000000029778000 JavaThread "C2 CompilerThread9" daemon [_thread_blocked, id=6592, stack(0x000000002d230000,0x000000002d330000)]
  0x0000000029765000 JavaThread "C2 CompilerThread8" daemon [_thread_blocked, id=760, stack(0x000000002d130000,0x000000002d230000)]
  0x000000002974a800 JavaThread "C2 CompilerThread7" daemon [_thread_blocked, id=16476, stack(0x000000002d030000,0x000000002d130000)]
  0x0000000029708800 JavaThread "C2 CompilerThread6" daemon [_thread_blocked, id=13236, stack(0x000000002cf30000,0x000000002d030000)]
  0x00000000296f8000 JavaThread "C2 CompilerThread5" daemon [_thread_blocked, id=7752, stack(0x000000002ce30000,0x000000002cf30000)]
  0x00000000296ec000 JavaThread "C2 CompilerThread4" daemon [_thread_blocked, id=5748, stack(0x000000002cd30000,0x000000002ce30000)]
  0x00000000296de800 JavaThread "C2 CompilerThread3" daemon [_thread_blocked, id=15144, stack(0x000000002cc30000,0x000000002cd30000)]
  0x00000000296dd800 JavaThread "C2 CompilerThread2" daemon [_thread_blocked, id=3300, stack(0x000000002cb30000,0x000000002cc30000)]
  0x00000000296db000 JavaThread "C2 CompilerThread1" daemon [_thread_blocked, id=7428, stack(0x000000002ca30000,0x000000002cb30000)]
  0x00000000296da000 JavaThread "C2 CompilerThread0" daemon [_thread_blocked, id=13708, stack(0x000000002c930000,0x000000002ca30000)]
  0x00000000296cf800 JavaThread "Monitor Ctrl-Break" daemon [_thread_in_native, id=14324, stack(0x000000002c830000,0x000000002c930000)]
  0x00000000295c9800 JavaThread "Attach Listener" daemon [_thread_blocked, id=11704, stack(0x000000002c630000,0x000000002c730000)]
  0x00000000295c9000 JavaThread "Signal Dispatcher" daemon [_thread_blocked, id=14492, stack(0x000000002c530000,0x000000002c630000)]
  0x00000000295c0800 JavaThread "Finalizer" daemon [_thread_blocked, id=11072, stack(0x000000002c330000,0x000000002c430000)]
  0x0000000029596000 JavaThread "Reference Handler" daemon [_thread_blocked, id=10892, stack(0x000000002c230000,0x000000002c330000)]
=>0x00000000030d3800 JavaThread "main" [_thread_in_native, id=1736, stack(0x0000000002e00000,0x0000000002f00000)]

Other Threads:
  0x0000000027066000 VMThread [stack: 0x000000002c130000,0x000000002c230000] [id=13432]
  0x000000002d378000 WatcherThread [stack: 0x000000002e130000,0x000000002e230000] [id=18336]

VM state:not at safepoint (normal execution)

VM Mutex/Monitor currently owned by a thread: None

Heap:
 PSYoungGen      total 153088K, used 60560K [0x0000000715d80000, 0x0000000720800000, 0x00000007c0000000)
  eden space 131584K, 46% used [0x0000000715d80000,0x00000007198a42c8,0x000000071de00000)
  from space 21504K, 0% used [0x000000071f300000,0x000000071f300000,0x0000000720800000)
  to   space 21504K, 0% used [0x000000071de00000,0x000000071de00000,0x000000071f300000)
 ParOldGen       total 349696K, used 0K [0x00000005c1800000, 0x00000005d6d80000, 0x0000000715d80000)
  object space 349696K, 0% used [0x00000005c1800000,0x00000005c1800000,0x00000005d6d80000)
 Metaspace       used 15246K, capacity 15825K, committed 16128K, reserved 1062912K
  class space    used 1855K, capacity 1985K, committed 2048K, reserved 1048576K

Card table byte_map: [0x0000000012590000,0x0000000013590000] byte_map_base: 0x000000000f784000

Marking Bits: (ParMarkBitMap*) 0x00000000618308c0
 Begin Bits: [0x0000000015740000, 0x000000001d6e0000)
 End Bits:   [0x000000001d6e0000, 0x0000000025680000)

Polling page: 0x00000000009b0000

CodeCache: size=245760Kb used=6813Kb max_used=6820Kb free=238946Kb
 bounds [0x00000000031d0000, 0x0000000003880000, 0x00000000121d0000]
 total_blobs=2286 nmethods=1333 adapters=862
 compilation: enabled

Compilation events (10 events):
Event: 1.602 Thread 0x0000000029776000 nmethod 1326 0x0000000003872390 code [0x0000000003872760, 0x00000000038757b8]
Event: 1.602 Thread 0x000000002977b000 nmethod 1328 0x0000000003876650 code [0x00000000038767e0, 0x0000000003876bd8]
Event: 1.603 Thread 0x00000000296dd800 1331       4       jdk.internal.org.objectweb.asm.Item::isEqualTo (354 bytes)
Event: 1.603 Thread 0x000000002977c800 1330       1       java.lang.invoke.MethodHandles$Lookup::lookupClass (5 bytes)
Event: 1.603 Thread 0x000000002977c800 nmethod 1330 0x0000000003876cd0 code [0x0000000003876e20, 0x0000000003876f30]
Event: 1.603 Thread 0x0000000029779800 1332       3       java.util.LinkedHashMap$LinkedHashIterator::hasNext (13 bytes)
Event: 1.603 Thread 0x0000000029779800 nmethod 1332 0x0000000003876f90 code [0x00000000038770e0, 0x0000000003877290]
Event: 1.603 Thread 0x000000002977c000 1333       3       java.lang.invoke.MethodHandleNatives::findMethodHandleType (7 bytes)
Event: 1.603 Thread 0x000000002974a800 1334       4       jdk.internal.org.objectweb.asm.ByteVector::put12 (64 bytes)
Event: 1.603 Thread 0x000000002977c000 nmethod 1333 0x0000000003877310 code [0x0000000003877480, 0x00000000038775e8]

GC Heap History (0 events):
No events

Deoptimization events (8 events):
Event: 0.213 Thread 0x00000000030d3800 Uncommon trap: reason=unstable_if action=reinterpret pc=0x0000000003586240 method=java.lang.String.indexOf([CII[CIII)I @ 123
Event: 0.439 Thread 0x00000000030d3800 Uncommon trap: reason=unstable_if action=reinterpret pc=0x00000000036122e0 method=sun.misc.URLClassPath.getLoader(I)Lsun/misc/URLClassPath$Loader; @ 36
Event: 0.439 Thread 0x00000000030d3800 Uncommon trap: reason=unstable_if action=reinterpret pc=0x000000000361f5e4 method=sun.misc.MetaIndex.mayContain(Ljava/lang/String;)Z @ 13
Event: 0.440 Thread 0x00000000030d3800 Uncommon trap: reason=unstable_if action=reinterpret pc=0x0000000003612c0c method=sun.misc.MetaIndex.mayContain(Ljava/lang/String;)Z @ 13
Event: 0.602 Thread 0x00000000030d3800 Uncommon trap: reason=unstable_if action=reinterpret pc=0x0000000003715c04 method=sun.misc.MetaIndex.mayContain(Ljava/lang/String;)Z @ 38
Event: 0.602 Thread 0x00000000030d3800 Uncommon trap: reason=unstable_if action=reinterpret pc=0x0000000003614fa0 method=java.lang.String.indexOf([CII[CIII)I @ 134
Event: 0.619 Thread 0x00000000030d3800 Uncommon trap: reason=null_check action=make_not_entrant pc=0x00000000035f1414 method=java.lang.String.equals(Ljava/lang/Object;)Z @ 8
Event: 0.638 Thread 0x00000000030d3800 Uncommon trap: reason=unstable_if action=reinterpret pc=0x0000000003738a38 method=java.lang.Integer.valueOf(I)Ljava/lang/Integer; @ 10

Classes redefined (0 events):
No events

Internal exceptions (10 events):
Event: 0.631 Thread 0x00000000030d3800 Exception <a 'sun/nio/fs/WindowsException'> (0x000000071885fc08) thrown at [C:\re\workspace\8-2-build-windows-amd64-cygwin\jdk8u171\10807\hotspot\src\share\vm\prims\jni.cpp, line 709]
Event: 0.631 Thread 0x00000000030d3800 Exception <a 'sun/nio/fs/WindowsException'> (0x00000007188616b0) thrown at [C:\re\workspace\8-2-build-windows-amd64-cygwin\jdk8u171\10807\hotspot\src\share\vm\prims\jni.cpp, line 709]
Event: 0.634 Thread 0x00000000030d3800 Exception <a 'sun/nio/fs/WindowsException'> (0x0000000718871620) thrown at [C:\re\workspace\8-2-build-windows-amd64-cygwin\jdk8u171\10807\hotspot\src\share\vm\prims\jni.cpp, line 709]
Event: 0.634 Thread 0x00000000030d3800 Exception <a 'sun/nio/fs/WindowsException'> (0x0000000718871ce8) thrown at [C:\re\workspace\8-2-build-windows-amd64-cygwin\jdk8u171\10807\hotspot\src\share\vm\prims\jni.cpp, line 709]
Event: 1.318 Thread 0x00000000030d3800 Exception <a 'sun/nio/fs/WindowsException'> (0x0000000718a25718) thrown at [C:\re\workspace\8-2-build-windows-amd64-cygwin\jdk8u171\10807\hotspot\src\share\vm\prims\jni.cpp, line 709]
Event: 1.318 Thread 0x00000000030d3800 Exception <a 'sun/nio/fs/WindowsException'> (0x0000000718a25e48) thrown at [C:\re\workspace\8-2-build-windows-amd64-cygwin\jdk8u171\10807\hotspot\src\share\vm\prims\jni.cpp, line 709]
Event: 1.320 Thread 0x00000000030d3800 Exception <a 'sun/nio/fs/WindowsException'> (0x0000000718a2f848) thrown at [C:\re\workspace\8-2-build-windows-amd64-cygwin\jdk8u171\10807\hotspot\src\share\vm\prims\jni.cpp, line 709]
Event: 1.320 Thread 0x00000000030d3800 Exception <a 'sun/nio/fs/WindowsException'> (0x0000000718a2fe28) thrown at [C:\re\workspace\8-2-build-windows-amd64-cygwin\jdk8u171\10807\hotspot\src\share\vm\prims\jni.cpp, line 709]
Event: 1.541 Thread 0x00000000030d3800 Exception <a 'java/lang/NoSuchMethodError': java.lang.Object.$anonfun$flatMap$1(Lscala/Function1;Lscala/collection/mutable/Builder;Ljava/lang/Object;)Lscala/collection/mutable/Builder;> (0x000000071953a8d0) thrown at [C:\re\workspace\8-2-build-windows-amd
Event: 1.548 Thread 0x00000000030d3800 Exception <a 'java/lang/NoSuchMethodError': java.lang.Object.$anonfun$addString$1(Lscala/collection/mutable/StringBuilder;Ljava/lang/String;Lscala/runtime/BooleanRef;Ljava/lang/Object;)Ljava/lang/Object;> (0x00000007195a0cd0) thrown at [C:\re\workspace\8-

Events (10 events):
Event: 1.603 loading class swagrid/graphics/WorldRenderer
Event: 1.603 loading class swagrid/graphics/WorldRenderer done
Event: 1.603 loading class swagrid/graphics/WorldRenderer
Event: 1.603 loading class swagrid/graphics/WorldRenderer done
Event: 1.603 loading class swagrid/graphics/WorldRenderer
Event: 1.603 loading class swagrid/graphics/WorldRenderer done
Event: 1.603 loading class swagrid/graphics/Model
Event: 1.603 loading class swagrid/graphics/Model done
Event: 1.603 loading class swagrid/graphics/WorldRenderer
Event: 1.603 loading class swagrid/graphics/WorldRenderer done


Dynamic libraries:
0x00007ff6db640000 - 0x00007ff6db677000 	C:\Program Files\Java\jdk1.8.0_171\bin\java.exe
0x00007ffc97260000 - 0x00007ffc97450000 	C:\WINDOWS\SYSTEM32\ntdll.dll
0x00007ffc96dc0000 - 0x00007ffc96e72000 	C:\WINDOWS\System32\KERNEL32.DLL
0x00007ffc94d90000 - 0x00007ffc95033000 	C:\WINDOWS\System32\KERNELBASE.dll
0x00007ffc97170000 - 0x00007ffc97213000 	C:\WINDOWS\System32\ADVAPI32.dll
0x00007ffc95f60000 - 0x00007ffc95ffe000 	C:\WINDOWS\System32\msvcrt.dll
0x00007ffc95d40000 - 0x00007ffc95dd7000 	C:\WINDOWS\System32\sechost.dll
0x00007ffc955b0000 - 0x00007ffc956d0000 	C:\WINDOWS\System32\RPCRT4.dll
0x00007ffc96c20000 - 0x00007ffc96db4000 	C:\WINDOWS\System32\USER32.dll
0x00007ffc942a0000 - 0x00007ffc942c1000 	C:\WINDOWS\System32\win32u.dll
0x00007ffc96be0000 - 0x00007ffc96c06000 	C:\WINDOWS\System32\GDI32.dll
0x00007ffc94ad0000 - 0x00007ffc94c64000 	C:\WINDOWS\System32\gdi32full.dll
0x00007ffc94cf0000 - 0x00007ffc94d8e000 	C:\WINDOWS\System32\msvcp_win.dll
0x00007ffc95190000 - 0x00007ffc9528a000 	C:\WINDOWS\System32\ucrtbase.dll
0x00007ffc88900000 - 0x00007ffc88b85000 	C:\WINDOWS\WinSxS\amd64_microsoft.windows.common-controls_6595b64144ccf1df_6.0.18362.720_none_e6beb5c51314836b\COMCTL32.dll
0x00007ffc968a0000 - 0x00007ffc96bd6000 	C:\WINDOWS\System32\combase.dll
0x00007ffc94c70000 - 0x00007ffc94cf0000 	C:\WINDOWS\System32\bcryptPrimitives.dll
0x00007ffc96000000 - 0x00007ffc9602e000 	C:\WINDOWS\System32\IMM32.DLL
0x00000000618b0000 - 0x0000000061982000 	C:\Program Files\Java\jdk1.8.0_171\jre\bin\msvcr100.dll
0x0000000061010000 - 0x00000000618b0000 	C:\Program Files\Java\jdk1.8.0_171\jre\bin\server\jvm.dll
0x00007ffc96c10000 - 0x00007ffc96c18000 	C:\WINDOWS\System32\PSAPI.DLL
0x00007ffc8d420000 - 0x00007ffc8d42a000 	C:\WINDOWS\SYSTEM32\VERSION.dll
0x00007ffc90e10000 - 0x00007ffc90e19000 	C:\WINDOWS\SYSTEM32\WSOCK32.dll
0x00007ffc8f780000 - 0x00007ffc8f7a4000 	C:\WINDOWS\SYSTEM32\WINMM.dll
0x00007ffc96830000 - 0x00007ffc9689f000 	C:\WINDOWS\System32\WS2_32.dll
0x00007ffc8f720000 - 0x00007ffc8f74d000 	C:\WINDOWS\SYSTEM32\WINMMBASE.dll
0x00007ffc952c0000 - 0x00007ffc9530a000 	C:\WINDOWS\System32\cfgmgr32.dll
0x0000000061000000 - 0x000000006100f000 	C:\Program Files\Java\jdk1.8.0_171\jre\bin\verify.dll
0x0000000060fd0000 - 0x0000000060ff9000 	C:\Program Files\Java\jdk1.8.0_171\jre\bin\java.dll
0x0000000060e60000 - 0x0000000060e83000 	C:\Program Files\Java\jdk1.8.0_171\jre\bin\instrument.dll
0x0000000060fb0000 - 0x0000000060fc6000 	C:\Program Files\Java\jdk1.8.0_171\jre\bin\zip.dll
0x00007ffc960d0000 - 0x00007ffc967b5000 	C:\WINDOWS\System32\SHELL32.dll
0x00007ffc95310000 - 0x00007ffc953b9000 	C:\WINDOWS\System32\shcore.dll
0x00007ffc942d0000 - 0x00007ffc94a50000 	C:\WINDOWS\System32\windows.storage.dll
0x00007ffc941c0000 - 0x00007ffc941e3000 	C:\WINDOWS\System32\profapi.dll
0x00007ffc94150000 - 0x00007ffc9419a000 	C:\WINDOWS\System32\powrprof.dll
0x00007ffc94120000 - 0x00007ffc94130000 	C:\WINDOWS\System32\UMPDC.dll
0x00007ffc95b40000 - 0x00007ffc95b92000 	C:\WINDOWS\System32\shlwapi.dll
0x00007ffc94130000 - 0x00007ffc94141000 	C:\WINDOWS\System32\kernel.appcore.dll
0x00007ffc94ab0000 - 0x00007ffc94ac7000 	C:\WINDOWS\System32\cryptsp.dll
0x00007ffc84680000 - 0x00007ffc8469a000 	C:\Program Files\JetBrains\IntelliJ IDEA Community Edition 2018.1.5\bin\breakgen64.dll
0x0000000060f90000 - 0x0000000060faa000 	C:\Program Files\Java\jdk1.8.0_171\jre\bin\net.dll
0x00007ffc93990000 - 0x00007ffc939f7000 	C:\WINDOWS\system32\mswsock.dll
0x0000000060f70000 - 0x0000000060f81000 	C:\Program Files\Java\jdk1.8.0_171\jre\bin\nio.dll
0x00007ffc79eb0000 - 0x00007ffc79f14000 	C:\Users\Alec\AppData\Local\Temp\lwjglAlec\3.2.3-build-13\lwjgl.dll
0x00007ffc79900000 - 0x00007ffc79962000 	C:\Users\Alec\AppData\Local\Temp\lwjglAlec\3.2.3-build-13\glfw.dll
0x00007ffc924a0000 - 0x00007ffc92539000 	C:\WINDOWS\system32\uxtheme.dll
0x00007ffc83340000 - 0x00007ffc83383000 	C:\WINDOWS\SYSTEM32\dinput8.dll
0x00007ffc76a80000 - 0x00007ffc76a91000 	C:\WINDOWS\SYSTEM32\xinput1_4.dll
0x00007ffc93f20000 - 0x00007ffc93f4a000 	C:\WINDOWS\SYSTEM32\DEVOBJ.dll
0x00007ffc928c0000 - 0x00007ffc928ed000 	C:\WINDOWS\SYSTEM32\dwmapi.dll
0x00007ffc8adf0000 - 0x00007ffc8af0a000 	C:\WINDOWS\SYSTEM32\inputhost.dll
0x00007ffc920f0000 - 0x00007ffc921c4000 	C:\WINDOWS\SYSTEM32\CoreMessaging.dll
0x00007ffc8ff80000 - 0x00007ffc900d3000 	C:\WINDOWS\SYSTEM32\wintypes.dll
0x00007ffc8e430000 - 0x00007ffc8e75a000 	C:\WINDOWS\SYSTEM32\CoreUIComponents.dll
0x00007ffc908b0000 - 0x00007ffc9099f000 	C:\WINDOWS\SYSTEM32\PROPSYS.dll
0x00007ffc95c70000 - 0x00007ffc95d34000 	C:\WINDOWS\System32\OLEAUT32.dll
0x00007ffc93180000 - 0x00007ffc931b1000 	C:\WINDOWS\SYSTEM32\ntmarta.dll
0x00007ffc953c0000 - 0x00007ffc954f6000 	C:\WINDOWS\System32\MSCTF.dll
0x00007ffc92d30000 - 0x00007ffc92d3e000 	C:\WINDOWS\SYSTEM32\HID.DLL
0x00007ffc956d0000 - 0x00007ffc95b40000 	C:\WINDOWS\System32\SETUPAPI.DLL
0x00007ffc95290000 - 0x00007ffc952b6000 	C:\WINDOWS\System32\bcrypt.dll
0x00007ffc94a50000 - 0x00007ffc94aac000 	C:\WINDOWS\System32\WINTRUST.dll
0x00007ffc941a0000 - 0x00007ffc941b2000 	C:\WINDOWS\System32\MSASN1.dll
0x00007ffc95040000 - 0x00007ffc95189000 	C:\WINDOWS\System32\CRYPT32.dll
0x00007ffc65f90000 - 0x00007ffc660e6000 	C:\WINDOWS\SYSTEM32\opengl32.dll
0x00007ffc8bfd0000 - 0x00007ffc8bffc000 	C:\WINDOWS\SYSTEM32\GLU32.dll
0x00007ffc92d90000 - 0x00007ffc92db0000 	C:\WINDOWS\SYSTEM32\dxcore.dll
0x000000005e700000 - 0x0000000060e51000 	C:\WINDOWS\System32\DriverStore\FileRepository\nv_dispi.inf_amd64_db678424d2641c3d\nvoglv64.dll
0x00007ffc95e00000 - 0x00007ffc95f57000 	C:\WINDOWS\System32\ole32.dll
0x00007ffc8f340000 - 0x00007ffc8f353000 	C:\WINDOWS\SYSTEM32\WTSAPI32.dll
0x00007ffc62ae0000 - 0x00007ffc62d92000 	C:\WINDOWS\system32\nvspcap64.dll
0x00007ffc933d0000 - 0x00007ffc9342c000 	C:\WINDOWS\SYSTEM32\WINSTA.dll
0x00007ffc8af10000 - 0x00007ffc8afae000 	C:\WINDOWS\System32\TextInputFramework.dll
0x00007ffc88ef0000 - 0x00007ffc89196000 	C:\WINDOWS\System32\iertutil.dll
0x00007ffc79260000 - 0x00007ffc792b9000 	C:\Users\Alec\AppData\Local\Temp\lwjglAlec\3.2.3-build-13\lwjgl_opengl.dll
0x00007ffc81c10000 - 0x00007ffc81e04000 	C:\WINDOWS\SYSTEM32\dbghelp.dll

VM Arguments:
jvm_args: -javaagent:C:\Program Files\JetBrains\IntelliJ IDEA Community Edition 2018.1.5\lib\idea_rt.jar=51499:C:\Program Files\JetBrains\IntelliJ IDEA Community Edition 2018.1.5\bin -Dfile.encoding=UTF-8 
java_command: swagrid.test.Test
java_class_path (initial): C:\Program Files\Java\jdk1.8.0_171\jre\lib\charsets.jar;C:\Program Files\Java\jdk1.8.0_171\jre\lib\deploy.jar;C:\Program Files\Java\jdk1.8.0_171\jre\lib\ext\access-bridge-64.jar;C:\Program Files\Java\jdk1.8.0_171\jre\lib\ext\cldrdata.jar;C:\Program Files\Java\jdk1.8.0_171\jre\lib\ext\dnsns.jar;C:\Program Files\Java\jdk1.8.0_171\jre\lib\ext\jaccess.jar;C:\Program Files\Java\jdk1.8.0_171\jre\lib\ext\jfxrt.jar;C:\Program Files\Java\jdk1.8.0_171\jre\lib\ext\localedata.jar;C:\Program Files\Java\jdk1.8.0_171\jre\lib\ext\nashorn.jar;C:\Program Files\Java\jdk1.8.0_171\jre\lib\ext\sunec.jar;C:\Program Files\Java\jdk1.8.0_171\jre\lib\ext\sunjce_provider.jar;C:\Program Files\Java\jdk1.8.0_171\jre\lib\ext\sunmscapi.jar;C:\Program Files\Java\jdk1.8.0_171\jre\lib\ext\sunpkcs11.jar;C:\Program Files\Java\jdk1.8.0_171\jre\lib\ext\zipfs.jar;C:\Program Files\Java\jdk1.8.0_171\jre\lib\javaws.jar;C:\Program Files\Java\jdk1.8.0_171\jre\lib\jce.jar;C:\Program Files\Java\jdk1.8.0_171\jre\lib\jfr.jar;C:\Program Files\Java\jdk1.8.0_171\jre\lib\jfxswt.jar;C:\Program Files\Java\jdk1.8.0_171\jre\lib\jsse.jar;C:\Program Files\Java\jdk1.8.0_171\jre\lib\management-agent.jar;C:\Program Files\Java\jdk1.8.0_171\jre\lib\plugin.jar;C:\Program Files\Java\jdk1.8.0_171\jre\lib\resources.jar;C:\Program Files\Java\jdk1.8.0_171\jre\lib\rt.jar;C:\Users\Alec\idea-workspace\sgame\out\production\sgame;C:\Users\Alec\.ivy2\cache\org.scala-lang\scala-library\jars\scala-library-2.12.4.jar;C:\Users\Alec\.ivy2\cache\org.scala-lang\scala-reflect\jars\scala-reflect-2.12.4.jar;C:\Users\Alec\.ivy2\cache\org.scala-lang\scala-library\srcs\scala-library-2.12.4-sources.jar;C:\Users\Alec\.ivy2\cache\org.scala-lang\scala-reflect\srcs\scala-reflect-2.12.4-sources.jar;C:\Users\Alec\idea-workspace\lib\lwjgl-3.2.3\lwjgl\lwjgl.jar;C:\Users\Alec\idea-workspace\lib\lwjgl-3.2.3\lwjgl\lwjgl-natives-windows.jar;C:\Users\Alec\idea-workspace\lib\lwjgl-3.2.3\lwjgl-glfw\lwjgl-glfw.jar;C:\Users\Alec\idea-workspace
Launcher Type: SUN_STANDARD

Environment Variables:
JAVA_HOME=C:\Program Files\Java\jdk1.8.0_171
PATH=C:\Python27\;C:\Python27\Scripts;C:\Program Files (x86)\Razer\ChromaBroadcast\bin;C:\Program Files\Razer\ChromaBroadcast\bin;C:\Program Files\Python37\Scripts\;C:\Program Files\Python37\;C:\Program Files\Python38\Scripts\;C:\Program Files\Python38\;C:\Program Files\Java\jdk1.8.0_171\bin;C:\Program Files (x86)\Common Files\Oracle\Java\javapath;C:\Windows\system32;C:\Windows;C:\Windows\System32\Wbem;C:\Windows\System32\WindowsPowerShell\v1.0\;C:\Program Files\PuTTY\;C:\Program Files (x86)\NVIDIA Corporation\PhysX\Common;C:\WINDOWS\system32;C:\WINDOWS;C:\WINDOWS\System32\Wbem;C:\WINDOWS\System32\WindowsPowerShell\v1.0\;C:\WINDOWS\System32\OpenSSH\;C:\Program Files\NVIDIA Corporation\NVIDIA NvDLISR;C:\Program Files\Git\cmd;C:\Program Files\Git\mingw64\bin;C:\Program Files\Git\usr\bin;C:\Program Files\MiKTeX 2.9\miktex\bin\x64\;C:\Program Files\dotnet\;C:\Program Files\Microsoft SQL Server\Client SDK\ODBC\170\Tools\Binn\;C:\Program Files\MySQL\MySQL Shell 8.0\bin\;C:\Ruby26-x64\bin;C:\Users\Alec\AppData\Local\Microsoft\WindowsApps;C:\Users\Alec\AppData\Local\GitHubDesktop\bin;C:\Users\Alec\AppData\Local\atom\bin;C:\Program Files\nodejs\;C:\ProgramData\chocolatey\bin;C:\Ruby26-x64\bin;C:\Program Files\MySQL\MySQL Shell 8.0\bin\;C:\Users\Alec\AppData\Local\Microsoft\WindowsApps;C:\Users\Alec\AppData\Local\GitHubDesktop\bin;C:\Users\Alec\AppData\Local\atom\bin;C:\Users\Alec\AppData\Roaming\npm;C:\Program Files (x86)\FAHClient
USERNAME=Alec
OS=Windows_NT
PROCESSOR_IDENTIFIER=AMD64 Family 23 Model 1 Stepping 1, AuthenticAMD



---------------  S Y S T E M  ---------------

OS: Windows 10.0 , 64 bit Build 18362 (10.0.18362.329)

CPU:total 32 (initial active 32) (32 cores per cpu, 1 threads per core) family 23 model 1 stepping 1, cmov, cx8, fxsr, mmx, sse, sse2, sse3, ssse3, sse4.1, sse4.2, popcnt, avx, avx2, aes, clmul, mmxext, 3dnowpref, lzcnt, sse4a, tsc, tscinvbit, tscinv, bmi1

Memory: 4k page, physical 33449188k(24749112k free), swap 38429924k(25242652k free)

vm_info: Java HotSpot(TM) 64-Bit Server VM (25.171-b11) for windows-amd64 JRE (1.8.0_171-b11), built on Mar 28 2018 16:06:12 by "java_re" with MS VC++ 10.0 (VS2010)

time: Sat Mar 21 11:57:30 2020
elapsed time: 1 seconds (0d 0h 0m 1s)

